  [4;36;1mSQL (0.0ms)[0m   [0;1mSET NAMES 'utf8'[0m
  [4;35;1mSQL (0.0ms)[0m   [0mSET SQL_AUTO_IS_NULL=0[0m
  [4;36;1mSQL (0.0ms)[0m   [0;1mSET NAMES 'utf8'[0m
  [4;35;1mSQL (0.0ms)[0m   [0mSET SQL_AUTO_IS_NULL=0[0m
  [4;36;1mSQL (0.0ms)[0m   [0;1mSET NAMES 'utf8'[0m
  [4;35;1mSQL (0.0ms)[0m   [0mSET SQL_AUTO_IS_NULL=0[0m
  [4;36;1mSQL (171.9ms)[0m   [0;1mSHOW TABLES[0m
  [4;35;1mSQL (0.0ms)[0m   [0mMysql::Error: query: not connected: CREATE TABLE `schema_migrations` (`version` varchar(255) NOT NULL) ENGINE=InnoDB[0m
  [4;36;1mSQL (0.0ms)[0m   [0;1mSET NAMES 'utf8'[0m
  [4;35;1mSQL (0.0ms)[0m   [0mSET SQL_AUTO_IS_NULL=0[0m
  [4;36;1mSQL (0.0ms)[0m   [0;1mSHOW TABLES[0m
  [4;35;1mSQL (0.0ms)[0m   [0mMysql::Error: query: not connected: CREATE TABLE `schema_migrations` (`version` varchar(255) NOT NULL) ENGINE=InnoDB[0m
  [4;36;1mSQL (0.0ms)[0m   [0;1mSET NAMES 'utf8'[0m
  [4;35;1mSQL (0.0ms)[0m   [0mSET SQL_AUTO_IS_NULL=0[0m
  [4;36;1mSQL (0.0ms)[0m   [0;1mSHOW TABLES[0m
  [4;35;1mSQL (0.0ms)[0m   [0mMysql::Error: query: not connected: CREATE TABLE `schema_migrations` (`version` varchar(255) NOT NULL) ENGINE=InnoDB[0m
  [4;36;1mSQL (0.0ms)[0m   [0;1mSET NAMES 'utf8'[0m
  [4;35;1mSQL (0.0ms)[0m   [0mSET SQL_AUTO_IS_NULL=0[0m
  [4;36;1mSQL (0.0ms)[0m   [0;1mSHOW TABLES[0m
  [4;35;1mSQL (0.0ms)[0m   [0mMysql::Error: query: not connected: CREATE TABLE `schema_migrations` (`version` varchar(255) NOT NULL) ENGINE=InnoDB[0m
  [4;36;1mSQL (0.0ms)[0m   [0;1mSET NAMES 'utf8'[0m
  [4;35;1mSQL (0.0ms)[0m   [0mSET SQL_AUTO_IS_NULL=0[0m
  [4;36;1mSQL (0.0ms)[0m   [0;1mSHOW TABLES[0m
  [4;35;1mSQL (0.0ms)[0m   [0mMysql::Error: query: not connected: CREATE TABLE `schema_migrations` (`version` varchar(255) NOT NULL) ENGINE=InnoDB[0m
  [4;36;1mSQL (0.0ms)[0m   [0;1mSET NAMES 'utf8'[0m
  [4;35;1mSQL (0.0ms)[0m   [0mSET SQL_AUTO_IS_NULL=0[0m
  [4;36;1mSQL (0.0ms)[0m   [0;1mSHOW TABLES[0m
  [4;35;1mSQL (0.0ms)[0m   [0mMysql::Error: query: not connected: CREATE TABLE `schema_migrations` (`version` varchar(255) NOT NULL) ENGINE=InnoDB[0m
  [4;36;1mSQL (0.0ms)[0m   [0;1mSET NAMES 'utf8'[0m
  [4;35;1mSQL (0.0ms)[0m   [0mSET SQL_AUTO_IS_NULL=0[0m
  [4;36;1mSQL (0.0ms)[0m   [0;1mSHOW TABLES[0m
  [4;35;1mSQL (0.0ms)[0m   [0mMysql::Error: query: not connected: CREATE TABLE `schema_migrations` (`version` varchar(255) NOT NULL) ENGINE=InnoDB[0m
  [4;36;1mSQL (0.0ms)[0m   [0;1mSET NAMES 'utf8'[0m
  [4;35;1mSQL (0.0ms)[0m   [0mSET SQL_AUTO_IS_NULL=0[0m
  [4;36;1mSQL (0.0ms)[0m   [0;1mSHOW TABLES[0m
  [4;35;1mSQL (0.0ms)[0m   [0mMysql::Error: query: not connected: CREATE TABLE `schema_migrations` (`version` varchar(255) NOT NULL) ENGINE=InnoDB[0m
  [4;36;1mSQL (0.0ms)[0m   [0;1mSET NAMES 'utf8'[0m
  [4;35;1mSQL (0.0ms)[0m   [0mSET SQL_AUTO_IS_NULL=0[0m
  [4;36;1mSQL (0.0ms)[0m   [0;1mSHOW TABLES[0m
  [4;35;1mSQL (0.0ms)[0m   [0mMysql::Error: query: not connected: CREATE TABLE `schema_migrations` (`version` varchar(255) NOT NULL) ENGINE=InnoDB[0m
  [4;36;1mSQL (0.0ms)[0m   [0;1mSET NAMES 'utf8'[0m
  [4;35;1mSQL (0.0ms)[0m   [0mSET SQL_AUTO_IS_NULL=0[0m
  [4;36;1mSQL (0.0ms)[0m   [0;1mSHOW TABLES[0m
  [4;35;1mSQL (0.0ms)[0m   [0mMysql::Error: query: not connected: CREATE TABLE `schema_migrations` (`version` varchar(255) NOT NULL) ENGINE=InnoDB[0m
  [4;36;1mSQL (0.0ms)[0m   [0;1mSET NAMES 'utf8'[0m
  [4;35;1mSQL (0.0ms)[0m   [0mSET SQL_AUTO_IS_NULL=0[0m
  [4;36;1mSQL (0.0ms)[0m   [0;1mSHOW TABLES[0m
  [4;35;1mSQL (0.0ms)[0m   [0mMysql::Error: query: not connected: CREATE TABLE `schema_migrations` (`version` varchar(255) NOT NULL) ENGINE=InnoDB[0m
  [4;36;1mSQL (0.0ms)[0m   [0;1mSET NAMES 'utf8'[0m
  [4;35;1mSQL (0.0ms)[0m   [0mSET SQL_AUTO_IS_NULL=0[0m
  [4;36;1mSQL (0.0ms)[0m   [0;1mSHOW TABLES[0m
  [4;35;1mSQL (250.0ms)[0m   [0mCREATE TABLE `schema_migrations` (`version` varchar(255) NOT NULL) ENGINE=InnoDB[0m
  [4;36;1mSQL (15.6ms)[0m   [0;1mSHOW KEYS FROM `schema_migrations`[0m
  [4;35;1mSQL (250.0ms)[0m   [0mCREATE UNIQUE INDEX `unique_schema_migrations` ON `schema_migrations` (`version`)[0m
  [4;36;1mSQL (15.6ms)[0m   [0;1mSHOW TABLES[0m
  [4;35;1mSQL (0.0ms)[0m   [0mSELECT version FROM schema_migrations[0m
Migrating to CreatePosts (20110205174601)
  [4;36;1mSQL (343.8ms)[0m   [0;1mCREATE TABLE `posts` (`id` int(11) DEFAULT NULL auto_increment PRIMARY KEY, `name` varchar(255), `title` varchar(255), `content` text, `created_at` datetime, `updated_at` datetime) ENGINE=InnoDB[0m
  [4;35;1mSQL (62.5ms)[0m   [0mINSERT INTO schema_migrations (version) VALUES ('20110205174601')[0m
  [4;36;1mSQL (0.0ms)[0m   [0;1mSHOW TABLES[0m
  [4;35;1mSQL (0.0ms)[0m   [0mSELECT version FROM schema_migrations[0m
  [4;36;1mSQL (0.0ms)[0m   [0;1mSHOW TABLES[0m
  [4;35;1mSQL (62.5ms)[0m   [0mSHOW FIELDS FROM `posts`[0m
  [4;36;1mSQL (31.2ms)[0m   [0;1mdescribe `posts`[0m
  [4;35;1mSQL (15.6ms)[0m   [0mSHOW KEYS FROM `posts`[0m
  [4;36;1mSQL (0.0ms)[0m   [0;1mSET NAMES 'utf8'[0m
  [4;35;1mSQL (0.0ms)[0m   [0mSET SQL_AUTO_IS_NULL=0[0m
  [4;36;1mSQL (0.0ms)[0m   [0;1mSHOW TABLES[0m
  [4;35;1mSQL (0.0ms)[0m   [0mSELECT version FROM schema_migrations[0m
Migrating to CreatePosts (20110205174601)
  [4;36;1mSQL (0.0ms)[0m   [0;1mSHOW TABLES[0m
  [4;35;1mSQL (0.0ms)[0m   [0mSELECT version FROM schema_migrations[0m
  [4;36;1mSQL (0.0ms)[0m   [0;1mSHOW TABLES[0m
  [4;35;1mSQL (796.9ms)[0m   [0mSHOW FIELDS FROM `posts`[0m
  [4;36;1mSQL (46.9ms)[0m   [0;1mdescribe `posts`[0m
  [4;35;1mSQL (31.2ms)[0m   [0mSHOW KEYS FROM `posts`[0m
  [4;36;1mSQL (0.0ms)[0m   [0;1mSET NAMES 'utf8'[0m
  [4;35;1mSQL (0.0ms)[0m   [0mSET SQL_AUTO_IS_NULL=0[0m
  [4;36;1mSQL (0.0ms)[0m   [0;1mSHOW TABLES[0m
  [4;35;1mSQL (0.0ms)[0m   [0mSELECT version FROM schema_migrations[0m
Migrating to CreatePosts (20110205174601)
  [4;36;1mSQL (0.0ms)[0m   [0;1mSHOW TABLES[0m
  [4;35;1mSQL (0.0ms)[0m   [0mSELECT version FROM schema_migrations[0m
  [4;36;1mSQL (0.0ms)[0m   [0;1mSHOW TABLES[0m
  [4;35;1mSQL (15.6ms)[0m   [0mSHOW FIELDS FROM `posts`[0m
  [4;36;1mSQL (15.6ms)[0m   [0;1mdescribe `posts`[0m
  [4;35;1mSQL (0.0ms)[0m   [0mSHOW KEYS FROM `posts`[0m
  [4;36;1mSQL (0.0ms)[0m   [0;1mSET NAMES 'utf8'[0m
  [4;35;1mSQL (0.0ms)[0m   [0mSET SQL_AUTO_IS_NULL=0[0m


Processing ApplicationController#index (for 127.0.0.1 at 2011-02-06 01:25:48) [GET]

NameError (uninitialized constant WelcomeController):
  C:/Ruby187/lib/ruby/1.8/webrick/httpserver.rb:104:in `service'
  C:/Ruby187/lib/ruby/1.8/webrick/httpserver.rb:65:in `run'
  C:/Ruby187/lib/ruby/1.8/webrick/server.rb:173:in `start_thread'
  C:/Ruby187/lib/ruby/1.8/webrick/server.rb:162:in `start'
  C:/Ruby187/lib/ruby/1.8/webrick/server.rb:162:in `start_thread'
  C:/Ruby187/lib/ruby/1.8/webrick/server.rb:95:in `start'
  C:/Ruby187/lib/ruby/1.8/webrick/server.rb:92:in `each'
  C:/Ruby187/lib/ruby/1.8/webrick/server.rb:92:in `start'
  C:/Ruby187/lib/ruby/1.8/webrick/server.rb:23:in `start'
  C:/Ruby187/lib/ruby/1.8/webrick/server.rb:82:in `start'

Rendered rescues/_trace (31.2ms)
Rendered rescues/_request_and_response (78.1ms)
Rendering rescues/layout (internal_server_error)
  [4;36;1mSQL (0.0ms)[0m   [0;1mSET NAMES 'utf8'[0m
  [4;35;1mSQL (0.0ms)[0m   [0mSET SQL_AUTO_IS_NULL=0[0m


Processing ApplicationController#index (for 127.0.0.1 at 2011-02-06 01:25:57) [GET]

NameError (uninitialized constant WelcomeController):
  C:/Ruby187/lib/ruby/1.8/webrick/httpserver.rb:104:in `service'
  C:/Ruby187/lib/ruby/1.8/webrick/httpserver.rb:65:in `run'
  C:/Ruby187/lib/ruby/1.8/webrick/server.rb:173:in `start_thread'
  C:/Ruby187/lib/ruby/1.8/webrick/server.rb:162:in `start'
  C:/Ruby187/lib/ruby/1.8/webrick/server.rb:162:in `start_thread'
  C:/Ruby187/lib/ruby/1.8/webrick/server.rb:95:in `start'
  C:/Ruby187/lib/ruby/1.8/webrick/server.rb:92:in `each'
  C:/Ruby187/lib/ruby/1.8/webrick/server.rb:92:in `start'
  C:/Ruby187/lib/ruby/1.8/webrick/server.rb:23:in `start'
  C:/Ruby187/lib/ruby/1.8/webrick/server.rb:82:in `start'

Rendered rescues/_trace (46.9ms)
Rendered rescues/_request_and_response (0.0ms)
Rendering rescues/layout (internal_server_error)
  [4;36;1mSQL (0.0ms)[0m   [0;1mSET NAMES 'utf8'[0m
  [4;35;1mSQL (0.0ms)[0m   [0mSET SQL_AUTO_IS_NULL=0[0m


Processing ApplicationController#index (for 127.0.0.1 at 2011-02-06 01:26:11) [GET]

ActionController::RoutingError (No route matches "/Blog" with {:method=>:get}):
  C:/Ruby187/lib/ruby/1.8/webrick/httpserver.rb:104:in `service'
  C:/Ruby187/lib/ruby/1.8/webrick/httpserver.rb:65:in `run'
  C:/Ruby187/lib/ruby/1.8/webrick/server.rb:173:in `start_thread'
  C:/Ruby187/lib/ruby/1.8/webrick/server.rb:162:in `start'
  C:/Ruby187/lib/ruby/1.8/webrick/server.rb:162:in `start_thread'
  C:/Ruby187/lib/ruby/1.8/webrick/server.rb:95:in `start'
  C:/Ruby187/lib/ruby/1.8/webrick/server.rb:92:in `each'
  C:/Ruby187/lib/ruby/1.8/webrick/server.rb:92:in `start'
  C:/Ruby187/lib/ruby/1.8/webrick/server.rb:23:in `start'
  C:/Ruby187/lib/ruby/1.8/webrick/server.rb:82:in `start'

Rendering rescues/layout (not_found)
  [4;36;1mSQL (0.0ms)[0m   [0;1mSET NAMES 'utf8'[0m
  [4;35;1mSQL (0.0ms)[0m   [0mSET SQL_AUTO_IS_NULL=0[0m


Processing ApplicationController#index (for 127.0.0.1 at 2011-02-06 01:26:20) [GET]

ActionController::RoutingError (No route matches "/Blog/user" with {:method=>:get}):
  C:/Ruby187/lib/ruby/1.8/webrick/httpserver.rb:104:in `service'
  C:/Ruby187/lib/ruby/1.8/webrick/httpserver.rb:65:in `run'
  C:/Ruby187/lib/ruby/1.8/webrick/server.rb:173:in `start_thread'
  C:/Ruby187/lib/ruby/1.8/webrick/server.rb:162:in `start'
  C:/Ruby187/lib/ruby/1.8/webrick/server.rb:162:in `start_thread'
  C:/Ruby187/lib/ruby/1.8/webrick/server.rb:95:in `start'
  C:/Ruby187/lib/ruby/1.8/webrick/server.rb:92:in `each'
  C:/Ruby187/lib/ruby/1.8/webrick/server.rb:92:in `start'
  C:/Ruby187/lib/ruby/1.8/webrick/server.rb:23:in `start'
  C:/Ruby187/lib/ruby/1.8/webrick/server.rb:82:in `start'

Rendering rescues/layout (not_found)
  [4;36;1mSQL (0.0ms)[0m   [0;1mSET NAMES 'utf8'[0m
  [4;35;1mSQL (0.0ms)[0m   [0mSET SQL_AUTO_IS_NULL=0[0m


Processing ApplicationController#index (for 127.0.0.1 at 2011-02-06 01:26:32) [GET]

ActionController::RoutingError (No route matches "/Blog/posts" with {:method=>:get}):
  C:/Ruby187/lib/ruby/1.8/webrick/httpserver.rb:104:in `service'
  C:/Ruby187/lib/ruby/1.8/webrick/httpserver.rb:65:in `run'
  C:/Ruby187/lib/ruby/1.8/webrick/server.rb:173:in `start_thread'
  C:/Ruby187/lib/ruby/1.8/webrick/server.rb:162:in `start'
  C:/Ruby187/lib/ruby/1.8/webrick/server.rb:162:in `start_thread'
  C:/Ruby187/lib/ruby/1.8/webrick/server.rb:95:in `start'
  C:/Ruby187/lib/ruby/1.8/webrick/server.rb:92:in `each'
  C:/Ruby187/lib/ruby/1.8/webrick/server.rb:92:in `start'
  C:/Ruby187/lib/ruby/1.8/webrick/server.rb:23:in `start'
  C:/Ruby187/lib/ruby/1.8/webrick/server.rb:82:in `start'

Rendering rescues/layout (not_found)
  [4;36;1mSQL (0.0ms)[0m   [0;1mSET NAMES 'utf8'[0m
  [4;35;1mSQL (0.0ms)[0m   [0mSET SQL_AUTO_IS_NULL=0[0m


Processing PostsController#index (for 127.0.0.1 at 2011-02-06 01:27:26) [GET]
  [4;36;1mPost Load (0.0ms)[0m   [0;1mSELECT * FROM `posts` [0m
Rendering template within layouts/posts
Rendering posts/index
Completed in 422ms (View: 375, DB: 0) | 200 OK [http://localhost/]
  [4;35;1mSQL (0.0ms)[0m   [0mSET NAMES 'utf8'[0m
  [4;36;1mSQL (0.0ms)[0m   [0;1mSET SQL_AUTO_IS_NULL=0[0m


Processing PostsController#new (for 127.0.0.1 at 2011-02-06 01:27:39) [GET]
  [4;35;1mPost Columns (15.6ms)[0m   [0mSHOW FIELDS FROM `posts`[0m
Rendering template within layouts/posts
Rendering posts/new
Completed in 141ms (View: 94, DB: 16) | 200 OK [http://localhost/posts/new]
  [4;36;1mSQL (0.0ms)[0m   [0;1mSET NAMES 'utf8'[0m
  [4;35;1mSQL (0.0ms)[0m   [0mSET SQL_AUTO_IS_NULL=0[0m


Processing PostsController#create (for 127.0.0.1 at 2011-02-06 01:27:59) [POST]
  Parameters: {"commit"=>"Create", "post"=>{"name"=>"Jyotsna", "title"=>"Joe's first blog", "content"=>"hi this is my first blog... :)"}, "authenticity_token"=>"JnUO81DQaSZOQtg5xmwDbINFCYTschGO4FB6L5juLGg="}
  [4;36;1mPost Columns (0.0ms)[0m   [0;1mSHOW FIELDS FROM `posts`[0m
  [4;35;1mSQL (15.6ms)[0m   [0mBEGIN[0m
  [4;36;1mPost Create (0.0ms)[0m   [0;1mINSERT INTO `posts` (`name`, `created_at`, `title`, `updated_at`, `content`) VALUES('Jyotsna', '2011-02-05 19:57:59', 'Joe\'s first blog', '2011-02-05 19:57:59', 'hi this is my first blog... :)')[0m
  [4;35;1mSQL (15.6ms)[0m   [0mCOMMIT[0m
Redirected to http://localhost:3000/posts/1
Completed in 94ms (DB: 31) | 302 Found [http://localhost/posts]
  [4;36;1mSQL (0.0ms)[0m   [0;1mSET NAMES 'utf8'[0m
  [4;35;1mSQL (0.0ms)[0m   [0mSET SQL_AUTO_IS_NULL=0[0m


Processing PostsController#show (for 127.0.0.1 at 2011-02-06 01:27:59) [GET]
  Parameters: {"id"=>"1"}
  [4;36;1mPost Columns (15.6ms)[0m   [0;1mSHOW FIELDS FROM `posts`[0m
  [4;35;1mPost Load (62.5ms)[0m   [0mSELECT * FROM `posts` WHERE (`posts`.`id` = 1) [0m
Rendering template within layouts/posts
Rendering posts/show
Completed in 94ms (View: 16, DB: 78) | 200 OK [http://localhost/posts/1]
  [4;36;1mSQL (15.6ms)[0m   [0;1mSET NAMES 'utf8'[0m
  [4;35;1mSQL (0.0ms)[0m   [0mSET SQL_AUTO_IS_NULL=0[0m


Processing PostsController#index (for 127.0.0.1 at 2011-02-06 01:28:01) [GET]
  [4;36;1mPost Load (0.0ms)[0m   [0;1mSELECT * FROM `posts` [0m
Rendering template within layouts/posts
Rendering posts/index
  [4;35;1mPost Columns (15.6ms)[0m   [0mSHOW FIELDS FROM `posts`[0m
Completed in 31ms (View: 0, DB: 31) | 200 OK [http://localhost/posts]
  [4;36;1mSQL (0.0ms)[0m   [0;1mSET NAMES 'utf8'[0m
  [4;35;1mSQL (0.0ms)[0m   [0mSET SQL_AUTO_IS_NULL=0[0m


Processing PostsController#show (for 127.0.0.1 at 2011-02-06 01:28:41) [GET]
  Parameters: {"id"=>"1"}
  [4;36;1mPost Columns (15.6ms)[0m   [0;1mSHOW FIELDS FROM `posts`[0m
  [4;35;1mPost Load (390.6ms)[0m   [0mSELECT * FROM `posts` WHERE (`posts`.`id` = 1) [0m
Rendering template within layouts/posts
Rendering posts/show
Completed in 438ms (View: 16, DB: 406) | 200 OK [http://localhost/posts/1]
  [4;36;1mSQL (0.0ms)[0m   [0;1mSET NAMES 'utf8'[0m
  [4;35;1mSQL (0.0ms)[0m   [0mSET SQL_AUTO_IS_NULL=0[0m


Processing PostsController#index (for 127.0.0.1 at 2011-02-06 01:28:43) [GET]
  [4;36;1mPost Load (0.0ms)[0m   [0;1mSELECT * FROM `posts` [0m
Rendering template within layouts/posts
Rendering posts/index
  [4;35;1mPost Columns (15.6ms)[0m   [0mSHOW FIELDS FROM `posts`[0m
Completed in 31ms (View: 0, DB: 16) | 200 OK [http://localhost/posts]
  [4;36;1mSQL (0.0ms)[0m   [0;1mSET NAMES 'utf8'[0m
  [4;35;1mSQL (0.0ms)[0m   [0mSET SQL_AUTO_IS_NULL=0[0m
  [4;36;1mSQL (31.2ms)[0m   [0;1mSHOW TABLES[0m
  [4;35;1mSQL (0.0ms)[0m   [0mSELECT version FROM schema_migrations[0m
  [4;36;1mSQL (0.0ms)[0m   [0;1mSET NAMES 'utf8'[0m
  [4;35;1mSQL (0.0ms)[0m   [0mSET SQL_AUTO_IS_NULL=0[0m
  [4;36;1mSQL (406.2ms)[0m   [0;1mDROP DATABASE IF EXISTS `BLOG_test`[0m
  [4;35;1mSQL (0.0ms)[0m   [0mCREATE DATABASE `BLOG_test` DEFAULT CHARACTER SET `utf8`[0m
  [4;36;1mSQL (0.0ms)[0m   [0;1mSET NAMES 'utf8'[0m
  [4;35;1mSQL (0.0ms)[0m   [0mSET SQL_AUTO_IS_NULL=0[0m
  [4;36;1mSQL (15.6ms)[0m   [0;1mSHOW TABLES[0m
  [4;35;1mSQL (281.2ms)[0m   [0mCREATE TABLE `posts` (`id` int(11) DEFAULT NULL auto_increment PRIMARY KEY, `name` varchar(255), `title` varchar(255), `content` text, `created_at` datetime, `updated_at` datetime) ENGINE=InnoDB[0m
  [4;36;1mSQL (0.0ms)[0m   [0;1mSHOW TABLES[0m
  [4;35;1mSQL (296.9ms)[0m   [0mCREATE TABLE `schema_migrations` (`version` varchar(255) NOT NULL) ENGINE=InnoDB[0m
  [4;36;1mSQL (0.0ms)[0m   [0;1mSHOW KEYS FROM `schema_migrations`[0m
  [4;35;1mSQL (687.5ms)[0m   [0mCREATE UNIQUE INDEX `unique_schema_migrations` ON `schema_migrations` (`version`)[0m
  [4;36;1mSQL (0.0ms)[0m   [0;1mSHOW TABLES[0m
  [4;35;1mSQL (0.0ms)[0m   [0mSELECT version FROM `schema_migrations`[0m
  [4;36;1mSQL (109.4ms)[0m   [0;1mINSERT INTO `schema_migrations` (version) VALUES ('20110205174601')[0m
  [4;36;1mSQL (0.0ms)[0m   [0;1mSET NAMES 'utf8'[0m
  [4;35;1mSQL (0.0ms)[0m   [0mSET SQL_AUTO_IS_NULL=0[0m
  [4;36;1mSQL (0.0ms)[0m   [0;1mSHOW TABLES[0m
  [4;35;1mSQL (0.0ms)[0m   [0mSELECT version FROM schema_migrations[0m
  [4;36;1mSQL (0.0ms)[0m   [0;1mSET NAMES 'utf8'[0m
  [4;35;1mSQL (0.0ms)[0m   [0mSET SQL_AUTO_IS_NULL=0[0m
  [4;36;1mSQL (62.5ms)[0m   [0;1mDROP DATABASE IF EXISTS `BLOG_test`[0m
  [4;35;1mSQL (0.0ms)[0m   [0mCREATE DATABASE `BLOG_test` DEFAULT CHARACTER SET `utf8`[0m
  [4;36;1mSQL (0.0ms)[0m   [0;1mSET NAMES 'utf8'[0m
  [4;35;1mSQL (0.0ms)[0m   [0mSET SQL_AUTO_IS_NULL=0[0m
  [4;36;1mSQL (0.0ms)[0m   [0;1mSHOW TABLES[0m
  [4;35;1mSQL (78.1ms)[0m   [0mCREATE TABLE `posts` (`id` int(11) DEFAULT NULL auto_increment PRIMARY KEY, `name` varchar(255), `title` varchar(255), `content` text, `created_at` datetime, `updated_at` datetime) ENGINE=InnoDB[0m
  [4;36;1mSQL (0.0ms)[0m   [0;1mSHOW TABLES[0m
  [4;35;1mSQL (78.1ms)[0m   [0mCREATE TABLE `schema_migrations` (`version` varchar(255) NOT NULL) ENGINE=InnoDB[0m
  [4;36;1mSQL (0.0ms)[0m   [0;1mSHOW KEYS FROM `schema_migrations`[0m
  [4;35;1mSQL (156.2ms)[0m   [0mCREATE UNIQUE INDEX `unique_schema_migrations` ON `schema_migrations` (`version`)[0m
  [4;36;1mSQL (15.6ms)[0m   [0;1mSHOW TABLES[0m
  [4;35;1mSQL (0.0ms)[0m   [0mSELECT version FROM `schema_migrations`[0m
  [4;36;1mSQL (15.6ms)[0m   [0;1mINSERT INTO `schema_migrations` (version) VALUES ('20110205174601')[0m
  [4;36;1mSQL (0.0ms)[0m   [0;1mSET NAMES 'utf8'[0m
  [4;35;1mSQL (0.0ms)[0m   [0mSET SQL_AUTO_IS_NULL=0[0m
  [4;36;1mSQL (0.0ms)[0m   [0;1mSHOW TABLES[0m
  [4;35;1mSQL (0.0ms)[0m   [0mSELECT version FROM schema_migrations[0m
  [4;36;1mSQL (0.0ms)[0m   [0;1mSET NAMES 'utf8'[0m
  [4;35;1mSQL (0.0ms)[0m   [0mSET SQL_AUTO_IS_NULL=0[0m
  [4;36;1mSQL (78.1ms)[0m   [0;1mDROP DATABASE IF EXISTS `BLOG_test`[0m
  [4;35;1mSQL (0.0ms)[0m   [0mCREATE DATABASE `BLOG_test` DEFAULT CHARACTER SET `utf8`[0m
  [4;36;1mSQL (0.0ms)[0m   [0;1mSET NAMES 'utf8'[0m
  [4;35;1mSQL (0.0ms)[0m   [0mSET SQL_AUTO_IS_NULL=0[0m
  [4;36;1mSQL (0.0ms)[0m   [0;1mSHOW TABLES[0m
  [4;35;1mSQL (78.1ms)[0m   [0mCREATE TABLE `posts` (`id` int(11) DEFAULT NULL auto_increment PRIMARY KEY, `name` varchar(255), `title` varchar(255), `content` text, `created_at` datetime, `updated_at` datetime) ENGINE=InnoDB[0m
  [4;36;1mSQL (0.0ms)[0m   [0;1mSHOW TABLES[0m
  [4;35;1mSQL (62.5ms)[0m   [0mCREATE TABLE `schema_migrations` (`version` varchar(255) NOT NULL) ENGINE=InnoDB[0m
  [4;36;1mSQL (0.0ms)[0m   [0;1mSHOW KEYS FROM `schema_migrations`[0m
  [4;35;1mSQL (156.2ms)[0m   [0mCREATE UNIQUE INDEX `unique_schema_migrations` ON `schema_migrations` (`version`)[0m
  [4;36;1mSQL (0.0ms)[0m   [0;1mSHOW TABLES[0m
  [4;35;1mSQL (15.6ms)[0m   [0mSELECT version FROM `schema_migrations`[0m
  [4;36;1mSQL (15.6ms)[0m   [0;1mINSERT INTO `schema_migrations` (version) VALUES ('20110205174601')[0m
/!\ FAILSAFE /!\  2011-09-04 22:40:22 +0530
  Status: 500 Internal Server Error
  no such file to load -- mysql
    C:/Ruby192/lib/ruby/site_ruby/1.9.1/rubygems/custom_require.rb:36:in `require'
    C:/Ruby192/lib/ruby/site_ruby/1.9.1/rubygems/custom_require.rb:36:in `require'
    C:/Ruby192/lib/ruby/gems/1.9.1/gems/activesupport-2.3.8/lib/active_support/dependencies.rb:156:in `block in require'
    C:/Ruby192/lib/ruby/gems/1.9.1/gems/activesupport-2.3.8/lib/active_support/dependencies.rb:521:in `new_constants_in'
    C:/Ruby192/lib/ruby/gems/1.9.1/gems/activesupport-2.3.8/lib/active_support/dependencies.rb:156:in `require'
    C:/Ruby192/lib/ruby/gems/1.9.1/gems/activesupport-2.3.8/lib/active_support/core_ext/kernel/requires.rb:7:in `block in require_library_or_gem'
    C:/Ruby192/lib/ruby/gems/1.9.1/gems/activesupport-2.3.8/lib/active_support/core_ext/kernel/reporting.rb:11:in `silence_warnings'
    C:/Ruby192/lib/ruby/gems/1.9.1/gems/activesupport-2.3.8/lib/active_support/core_ext/kernel/requires.rb:5:in `require_library_or_gem'
    C:/Ruby192/lib/ruby/gems/1.9.1/gems/activerecord-2.3.8/lib/active_record/connection_adapters/mysql_adapter.rb:61:in `mysql_connection'
    C:/Ruby192/lib/ruby/gems/1.9.1/gems/activerecord-2.3.8/lib/active_record/connection_adapters/abstract/connection_pool.rb:223:in `new_connection'
    C:/Ruby192/lib/ruby/gems/1.9.1/gems/activerecord-2.3.8/lib/active_record/connection_adapters/abstract/connection_pool.rb:245:in `checkout_new_connection'
    C:/Ruby192/lib/ruby/gems/1.9.1/gems/activerecord-2.3.8/lib/active_record/connection_adapters/abstract/connection_pool.rb:188:in `block (2 levels) in checkout'
    C:/Ruby192/lib/ruby/gems/1.9.1/gems/activerecord-2.3.8/lib/active_record/connection_adapters/abstract/connection_pool.rb:184:in `loop'
    C:/Ruby192/lib/ruby/gems/1.9.1/gems/activerecord-2.3.8/lib/active_record/connection_adapters/abstract/connection_pool.rb:184:in `block in checkout'
    C:/Ruby192/lib/ruby/1.9.1/monitor.rb:201:in `mon_synchronize'
    C:/Ruby192/lib/ruby/gems/1.9.1/gems/activerecord-2.3.8/lib/active_record/connection_adapters/abstract/connection_pool.rb:183:in `checkout'
    C:/Ruby192/lib/ruby/gems/1.9.1/gems/activerecord-2.3.8/lib/active_record/connection_adapters/abstract/connection_pool.rb:98:in `connection'
    C:/Ruby192/lib/ruby/gems/1.9.1/gems/activerecord-2.3.8/lib/active_record/connection_adapters/abstract/connection_pool.rb:326:in `retrieve_connection'
    C:/Ruby192/lib/ruby/gems/1.9.1/gems/activerecord-2.3.8/lib/active_record/connection_adapters/abstract/connection_specification.rb:123:in `retrieve_connection'
    C:/Ruby192/lib/ruby/gems/1.9.1/gems/activerecord-2.3.8/lib/active_record/connection_adapters/abstract/connection_specification.rb:115:in `connection'
    C:/Ruby192/lib/ruby/gems/1.9.1/gems/activerecord-2.3.8/lib/active_record/query_cache.rb:9:in `cache'
    C:/Ruby192/lib/ruby/gems/1.9.1/gems/activerecord-2.3.8/lib/active_record/query_cache.rb:28:in `call'
    C:/Ruby192/lib/ruby/gems/1.9.1/gems/activerecord-2.3.8/lib/active_record/connection_adapters/abstract/connection_pool.rb:361:in `call'
    C:/Ruby192/lib/ruby/gems/1.9.1/gems/actionpack-2.3.8/lib/action_controller/string_coercion.rb:25:in `call'
    C:/Ruby192/lib/ruby/gems/1.9.1/gems/rack-1.1.2/lib/rack/head.rb:9:in `call'
    C:/Ruby192/lib/ruby/gems/1.9.1/gems/rack-1.1.2/lib/rack/methodoverride.rb:24:in `call'
    C:/Ruby192/lib/ruby/gems/1.9.1/gems/actionpack-2.3.8/lib/action_controller/params_parser.rb:15:in `call'
    C:/Ruby192/lib/ruby/gems/1.9.1/gems/actionpack-2.3.8/lib/action_controller/session/cookie_store.rb:99:in `call'
    C:/Ruby192/lib/ruby/gems/1.9.1/gems/actionpack-2.3.8/lib/action_controller/failsafe.rb:26:in `call'
    C:/Ruby192/lib/ruby/gems/1.9.1/gems/rack-1.1.2/lib/rack/lock.rb:11:in `block in call'
    <internal:prelude>:10:in `synchronize'
    C:/Ruby192/lib/ruby/gems/1.9.1/gems/rack-1.1.2/lib/rack/lock.rb:11:in `call'
    C:/Ruby192/lib/ruby/gems/1.9.1/gems/actionpack-2.3.8/lib/action_controller/dispatcher.rb:114:in `block in call'
    C:/Ruby192/lib/ruby/gems/1.9.1/gems/actionpack-2.3.8/lib/action_controller/reloader.rb:34:in `run'
    C:/Ruby192/lib/ruby/gems/1.9.1/gems/actionpack-2.3.8/lib/action_controller/dispatcher.rb:108:in `call'
    C:/Ruby192/lib/ruby/gems/1.9.1/gems/rails-2.3.8/lib/rails/rack/static.rb:31:in `call'
    C:/Ruby192/lib/ruby/gems/1.9.1/gems/rack-1.1.2/lib/rack/urlmap.rb:47:in `block in call'
    C:/Ruby192/lib/ruby/gems/1.9.1/gems/rack-1.1.2/lib/rack/urlmap.rb:41:in `each'
    C:/Ruby192/lib/ruby/gems/1.9.1/gems/rack-1.1.2/lib/rack/urlmap.rb:41:in `call'
    C:/Ruby192/lib/ruby/gems/1.9.1/gems/rails-2.3.8/lib/rails/rack/log_tailer.rb:17:in `call'
    C:/Ruby192/lib/ruby/gems/1.9.1/gems/rack-1.1.2/lib/rack/content_length.rb:13:in `call'
    C:/Ruby192/lib/ruby/gems/1.9.1/gems/rack-1.1.2/lib/rack/handler/webrick.rb:48:in `service'
    C:/Ruby192/lib/ruby/1.9.1/webrick/httpserver.rb:111:in `service'
    C:/Ruby192/lib/ruby/1.9.1/webrick/httpserver.rb:70:in `run'
    C:/Ruby192/lib/ruby/1.9.1/webrick/server.rb:183:in `block in start_thread'
/!\ FAILSAFE /!\  2011-09-04 22:41:36 +0530
  Status: 500 Internal Server Error
  126: The specified module could not be found.   - C:/Ruby192/lib/ruby/gems/1.9.1/gems/mysql-2.8.1-x86-mingw32/lib/1.9/mysql_api.so
    C:/Ruby192/lib/ruby/site_ruby/1.9.1/rubygems/custom_require.rb:36:in `require'
    C:/Ruby192/lib/ruby/site_ruby/1.9.1/rubygems/custom_require.rb:36:in `require'
    C:/Ruby192/lib/ruby/gems/1.9.1/gems/activesupport-2.3.8/lib/active_support/dependencies.rb:156:in `block in require'
    C:/Ruby192/lib/ruby/gems/1.9.1/gems/activesupport-2.3.8/lib/active_support/dependencies.rb:521:in `new_constants_in'
    C:/Ruby192/lib/ruby/gems/1.9.1/gems/activesupport-2.3.8/lib/active_support/dependencies.rb:156:in `require'
    C:/Ruby192/lib/ruby/gems/1.9.1/gems/mysql-2.8.1-x86-mingw32/lib/mysql.rb:7:in `rescue in <top (required)>'
    C:/Ruby192/lib/ruby/gems/1.9.1/gems/mysql-2.8.1-x86-mingw32/lib/mysql.rb:2:in `<top (required)>'
    C:/Ruby192/lib/ruby/site_ruby/1.9.1/rubygems/custom_require.rb:57:in `require'
    C:/Ruby192/lib/ruby/site_ruby/1.9.1/rubygems/custom_require.rb:57:in `rescue in require'
    C:/Ruby192/lib/ruby/site_ruby/1.9.1/rubygems/custom_require.rb:35:in `require'
    C:/Ruby192/lib/ruby/gems/1.9.1/gems/activesupport-2.3.8/lib/active_support/dependencies.rb:156:in `block in require'
    C:/Ruby192/lib/ruby/gems/1.9.1/gems/activesupport-2.3.8/lib/active_support/dependencies.rb:521:in `new_constants_in'
    C:/Ruby192/lib/ruby/gems/1.9.1/gems/activesupport-2.3.8/lib/active_support/dependencies.rb:156:in `require'
    C:/Ruby192/lib/ruby/gems/1.9.1/gems/activesupport-2.3.8/lib/active_support/core_ext/kernel/requires.rb:7:in `block in require_library_or_gem'
    C:/Ruby192/lib/ruby/gems/1.9.1/gems/activesupport-2.3.8/lib/active_support/core_ext/kernel/reporting.rb:11:in `silence_warnings'
    C:/Ruby192/lib/ruby/gems/1.9.1/gems/activesupport-2.3.8/lib/active_support/core_ext/kernel/requires.rb:5:in `require_library_or_gem'
    C:/Ruby192/lib/ruby/gems/1.9.1/gems/activerecord-2.3.8/lib/active_record/connection_adapters/mysql_adapter.rb:61:in `mysql_connection'
    C:/Ruby192/lib/ruby/gems/1.9.1/gems/activerecord-2.3.8/lib/active_record/connection_adapters/abstract/connection_pool.rb:223:in `new_connection'
    C:/Ruby192/lib/ruby/gems/1.9.1/gems/activerecord-2.3.8/lib/active_record/connection_adapters/abstract/connection_pool.rb:245:in `checkout_new_connection'
    C:/Ruby192/lib/ruby/gems/1.9.1/gems/activerecord-2.3.8/lib/active_record/connection_adapters/abstract/connection_pool.rb:188:in `block (2 levels) in checkout'
    C:/Ruby192/lib/ruby/gems/1.9.1/gems/activerecord-2.3.8/lib/active_record/connection_adapters/abstract/connection_pool.rb:184:in `loop'
    C:/Ruby192/lib/ruby/gems/1.9.1/gems/activerecord-2.3.8/lib/active_record/connection_adapters/abstract/connection_pool.rb:184:in `block in checkout'
    C:/Ruby192/lib/ruby/1.9.1/monitor.rb:201:in `mon_synchronize'
    C:/Ruby192/lib/ruby/gems/1.9.1/gems/activerecord-2.3.8/lib/active_record/connection_adapters/abstract/connection_pool.rb:183:in `checkout'
    C:/Ruby192/lib/ruby/gems/1.9.1/gems/activerecord-2.3.8/lib/active_record/connection_adapters/abstract/connection_pool.rb:98:in `connection'
    C:/Ruby192/lib/ruby/gems/1.9.1/gems/activerecord-2.3.8/lib/active_record/connection_adapters/abstract/connection_pool.rb:326:in `retrieve_connection'
    C:/Ruby192/lib/ruby/gems/1.9.1/gems/activerecord-2.3.8/lib/active_record/connection_adapters/abstract/connection_specification.rb:123:in `retrieve_connection'
    C:/Ruby192/lib/ruby/gems/1.9.1/gems/activerecord-2.3.8/lib/active_record/connection_adapters/abstract/connection_specification.rb:115:in `connection'
    C:/Ruby192/lib/ruby/gems/1.9.1/gems/activerecord-2.3.8/lib/active_record/query_cache.rb:9:in `cache'
    C:/Ruby192/lib/ruby/gems/1.9.1/gems/activerecord-2.3.8/lib/active_record/query_cache.rb:28:in `call'
    C:/Ruby192/lib/ruby/gems/1.9.1/gems/activerecord-2.3.8/lib/active_record/connection_adapters/abstract/connection_pool.rb:361:in `call'
    C:/Ruby192/lib/ruby/gems/1.9.1/gems/actionpack-2.3.8/lib/action_controller/string_coercion.rb:25:in `call'
    C:/Ruby192/lib/ruby/gems/1.9.1/gems/rack-1.1.2/lib/rack/head.rb:9:in `call'
    C:/Ruby192/lib/ruby/gems/1.9.1/gems/rack-1.1.2/lib/rack/methodoverride.rb:24:in `call'
    C:/Ruby192/lib/ruby/gems/1.9.1/gems/actionpack-2.3.8/lib/action_controller/params_parser.rb:15:in `call'
    C:/Ruby192/lib/ruby/gems/1.9.1/gems/actionpack-2.3.8/lib/action_controller/session/cookie_store.rb:99:in `call'
    C:/Ruby192/lib/ruby/gems/1.9.1/gems/actionpack-2.3.8/lib/action_controller/failsafe.rb:26:in `call'
    C:/Ruby192/lib/ruby/gems/1.9.1/gems/rack-1.1.2/lib/rack/lock.rb:11:in `block in call'
    <internal:prelude>:10:in `synchronize'
    C:/Ruby192/lib/ruby/gems/1.9.1/gems/rack-1.1.2/lib/rack/lock.rb:11:in `call'
    C:/Ruby192/lib/ruby/gems/1.9.1/gems/actionpack-2.3.8/lib/action_controller/dispatcher.rb:114:in `block in call'
    C:/Ruby192/lib/ruby/gems/1.9.1/gems/actionpack-2.3.8/lib/action_controller/reloader.rb:34:in `run'
    C:/Ruby192/lib/ruby/gems/1.9.1/gems/actionpack-2.3.8/lib/action_controller/dispatcher.rb:108:in `call'
    C:/Ruby192/lib/ruby/gems/1.9.1/gems/rails-2.3.8/lib/rails/rack/static.rb:31:in `call'
    C:/Ruby192/lib/ruby/gems/1.9.1/gems/rack-1.1.2/lib/rack/urlmap.rb:47:in `block in call'
    C:/Ruby192/lib/ruby/gems/1.9.1/gems/rack-1.1.2/lib/rack/urlmap.rb:41:in `each'
    C:/Ruby192/lib/ruby/gems/1.9.1/gems/rack-1.1.2/lib/rack/urlmap.rb:41:in `call'
    C:/Ruby192/lib/ruby/gems/1.9.1/gems/rails-2.3.8/lib/rails/rack/log_tailer.rb:17:in `call'
    C:/Ruby192/lib/ruby/gems/1.9.1/gems/rack-1.1.2/lib/rack/content_length.rb:13:in `call'
    C:/Ruby192/lib/ruby/gems/1.9.1/gems/rack-1.1.2/lib/rack/handler/webrick.rb:48:in `service'
    C:/Ruby192/lib/ruby/1.9.1/webrick/httpserver.rb:111:in `service'
    C:/Ruby192/lib/ruby/1.9.1/webrick/httpserver.rb:70:in `run'
    C:/Ruby192/lib/ruby/1.9.1/webrick/server.rb:183:in `block in start_thread'
/!\ FAILSAFE /!\  2011-09-04 22:41:40 +0530
  Status: 500 Internal Server Error
  126: The specified module could not be found.   - C:/Ruby192/lib/ruby/gems/1.9.1/gems/mysql-2.8.1-x86-mingw32/lib/1.9/mysql_api.so
    C:/Ruby192/lib/ruby/site_ruby/1.9.1/rubygems/custom_require.rb:36:in `require'
    C:/Ruby192/lib/ruby/site_ruby/1.9.1/rubygems/custom_require.rb:36:in `require'
    C:/Ruby192/lib/ruby/gems/1.9.1/gems/activesupport-2.3.8/lib/active_support/dependencies.rb:156:in `block in require'
    C:/Ruby192/lib/ruby/gems/1.9.1/gems/activesupport-2.3.8/lib/active_support/dependencies.rb:521:in `new_constants_in'
    C:/Ruby192/lib/ruby/gems/1.9.1/gems/activesupport-2.3.8/lib/active_support/dependencies.rb:156:in `require'
    C:/Ruby192/lib/ruby/gems/1.9.1/gems/mysql-2.8.1-x86-mingw32/lib/mysql.rb:7:in `rescue in <top (required)>'
    C:/Ruby192/lib/ruby/gems/1.9.1/gems/mysql-2.8.1-x86-mingw32/lib/mysql.rb:2:in `<top (required)>'
    C:/Ruby192/lib/ruby/site_ruby/1.9.1/rubygems/custom_require.rb:36:in `require'
    C:/Ruby192/lib/ruby/site_ruby/1.9.1/rubygems/custom_require.rb:36:in `require'
    C:/Ruby192/lib/ruby/gems/1.9.1/gems/activesupport-2.3.8/lib/active_support/dependencies.rb:156:in `block in require'
    C:/Ruby192/lib/ruby/gems/1.9.1/gems/activesupport-2.3.8/lib/active_support/dependencies.rb:521:in `new_constants_in'
    C:/Ruby192/lib/ruby/gems/1.9.1/gems/activesupport-2.3.8/lib/active_support/dependencies.rb:156:in `require'
    C:/Ruby192/lib/ruby/gems/1.9.1/gems/activesupport-2.3.8/lib/active_support/core_ext/kernel/requires.rb:7:in `block in require_library_or_gem'
    C:/Ruby192/lib/ruby/gems/1.9.1/gems/activesupport-2.3.8/lib/active_support/core_ext/kernel/reporting.rb:11:in `silence_warnings'
    C:/Ruby192/lib/ruby/gems/1.9.1/gems/activesupport-2.3.8/lib/active_support/core_ext/kernel/requires.rb:5:in `require_library_or_gem'
    C:/Ruby192/lib/ruby/gems/1.9.1/gems/activerecord-2.3.8/lib/active_record/connection_adapters/mysql_adapter.rb:61:in `mysql_connection'
    C:/Ruby192/lib/ruby/gems/1.9.1/gems/activerecord-2.3.8/lib/active_record/connection_adapters/abstract/connection_pool.rb:223:in `new_connection'
    C:/Ruby192/lib/ruby/gems/1.9.1/gems/activerecord-2.3.8/lib/active_record/connection_adapters/abstract/connection_pool.rb:245:in `checkout_new_connection'
    C:/Ruby192/lib/ruby/gems/1.9.1/gems/activerecord-2.3.8/lib/active_record/connection_adapters/abstract/connection_pool.rb:188:in `block (2 levels) in checkout'
    C:/Ruby192/lib/ruby/gems/1.9.1/gems/activerecord-2.3.8/lib/active_record/connection_adapters/abstract/connection_pool.rb:184:in `loop'
    C:/Ruby192/lib/ruby/gems/1.9.1/gems/activerecord-2.3.8/lib/active_record/connection_adapters/abstract/connection_pool.rb:184:in `block in checkout'
    C:/Ruby192/lib/ruby/1.9.1/monitor.rb:201:in `mon_synchronize'
    C:/Ruby192/lib/ruby/gems/1.9.1/gems/activerecord-2.3.8/lib/active_record/connection_adapters/abstract/connection_pool.rb:183:in `checkout'
    C:/Ruby192/lib/ruby/gems/1.9.1/gems/activerecord-2.3.8/lib/active_record/connection_adapters/abstract/connection_pool.rb:98:in `connection'
    C:/Ruby192/lib/ruby/gems/1.9.1/gems/activerecord-2.3.8/lib/active_record/connection_adapters/abstract/connection_pool.rb:326:in `retrieve_connection'
    C:/Ruby192/lib/ruby/gems/1.9.1/gems/activerecord-2.3.8/lib/active_record/connection_adapters/abstract/connection_specification.rb:123:in `retrieve_connection'
    C:/Ruby192/lib/ruby/gems/1.9.1/gems/activerecord-2.3.8/lib/active_record/connection_adapters/abstract/connection_specification.rb:115:in `connection'
    C:/Ruby192/lib/ruby/gems/1.9.1/gems/activerecord-2.3.8/lib/active_record/query_cache.rb:9:in `cache'
    C:/Ruby192/lib/ruby/gems/1.9.1/gems/activerecord-2.3.8/lib/active_record/query_cache.rb:28:in `call'
    C:/Ruby192/lib/ruby/gems/1.9.1/gems/activerecord-2.3.8/lib/active_record/connection_adapters/abstract/connection_pool.rb:361:in `call'
    C:/Ruby192/lib/ruby/gems/1.9.1/gems/actionpack-2.3.8/lib/action_controller/string_coercion.rb:25:in `call'
    C:/Ruby192/lib/ruby/gems/1.9.1/gems/rack-1.1.2/lib/rack/head.rb:9:in `call'
    C:/Ruby192/lib/ruby/gems/1.9.1/gems/rack-1.1.2/lib/rack/methodoverride.rb:24:in `call'
    C:/Ruby192/lib/ruby/gems/1.9.1/gems/actionpack-2.3.8/lib/action_controller/params_parser.rb:15:in `call'
    C:/Ruby192/lib/ruby/gems/1.9.1/gems/actionpack-2.3.8/lib/action_controller/session/cookie_store.rb:99:in `call'
    C:/Ruby192/lib/ruby/gems/1.9.1/gems/actionpack-2.3.8/lib/action_controller/failsafe.rb:26:in `call'
    C:/Ruby192/lib/ruby/gems/1.9.1/gems/rack-1.1.2/lib/rack/lock.rb:11:in `block in call'
    <internal:prelude>:10:in `synchronize'
    C:/Ruby192/lib/ruby/gems/1.9.1/gems/rack-1.1.2/lib/rack/lock.rb:11:in `call'
    C:/Ruby192/lib/ruby/gems/1.9.1/gems/actionpack-2.3.8/lib/action_controller/dispatcher.rb:114:in `block in call'
    C:/Ruby192/lib/ruby/gems/1.9.1/gems/actionpack-2.3.8/lib/action_controller/reloader.rb:34:in `run'
    C:/Ruby192/lib/ruby/gems/1.9.1/gems/actionpack-2.3.8/lib/action_controller/dispatcher.rb:108:in `call'
    C:/Ruby192/lib/ruby/gems/1.9.1/gems/rails-2.3.8/lib/rails/rack/static.rb:31:in `call'
    C:/Ruby192/lib/ruby/gems/1.9.1/gems/rack-1.1.2/lib/rack/urlmap.rb:47:in `block in call'
    C:/Ruby192/lib/ruby/gems/1.9.1/gems/rack-1.1.2/lib/rack/urlmap.rb:41:in `each'
    C:/Ruby192/lib/ruby/gems/1.9.1/gems/rack-1.1.2/lib/rack/urlmap.rb:41:in `call'
    C:/Ruby192/lib/ruby/gems/1.9.1/gems/rails-2.3.8/lib/rails/rack/log_tailer.rb:17:in `call'
    C:/Ruby192/lib/ruby/gems/1.9.1/gems/rack-1.1.2/lib/rack/content_length.rb:13:in `call'
    C:/Ruby192/lib/ruby/gems/1.9.1/gems/rack-1.1.2/lib/rack/handler/webrick.rb:48:in `service'
    C:/Ruby192/lib/ruby/1.9.1/webrick/httpserver.rb:111:in `service'
    C:/Ruby192/lib/ruby/1.9.1/webrick/httpserver.rb:70:in `run'
    C:/Ruby192/lib/ruby/1.9.1/webrick/server.rb:183:in `block in start_thread'
/!\ FAILSAFE /!\  2011-09-04 22:43:26 +0530
  Status: 500 Internal Server Error
  126: The specified module could not be found.   - C:/Ruby192/lib/ruby/gems/1.9.1/gems/mysql-2.8.1-x86-mingw32/lib/1.9/mysql_api.so
    C:/Ruby192/lib/ruby/site_ruby/1.9.1/rubygems/custom_require.rb:36:in `require'
    C:/Ruby192/lib/ruby/site_ruby/1.9.1/rubygems/custom_require.rb:36:in `require'
    C:/Ruby192/lib/ruby/gems/1.9.1/gems/activesupport-2.3.8/lib/active_support/dependencies.rb:156:in `block in require'
    C:/Ruby192/lib/ruby/gems/1.9.1/gems/activesupport-2.3.8/lib/active_support/dependencies.rb:521:in `new_constants_in'
    C:/Ruby192/lib/ruby/gems/1.9.1/gems/activesupport-2.3.8/lib/active_support/dependencies.rb:156:in `require'
    C:/Ruby192/lib/ruby/gems/1.9.1/gems/mysql-2.8.1-x86-mingw32/lib/mysql.rb:7:in `rescue in <top (required)>'
    C:/Ruby192/lib/ruby/gems/1.9.1/gems/mysql-2.8.1-x86-mingw32/lib/mysql.rb:2:in `<top (required)>'
    C:/Ruby192/lib/ruby/site_ruby/1.9.1/rubygems/custom_require.rb:57:in `require'
    C:/Ruby192/lib/ruby/site_ruby/1.9.1/rubygems/custom_require.rb:57:in `rescue in require'
    C:/Ruby192/lib/ruby/site_ruby/1.9.1/rubygems/custom_require.rb:35:in `require'
    C:/Ruby192/lib/ruby/gems/1.9.1/gems/activesupport-2.3.8/lib/active_support/dependencies.rb:156:in `block in require'
    C:/Ruby192/lib/ruby/gems/1.9.1/gems/activesupport-2.3.8/lib/active_support/dependencies.rb:521:in `new_constants_in'
    C:/Ruby192/lib/ruby/gems/1.9.1/gems/activesupport-2.3.8/lib/active_support/dependencies.rb:156:in `require'
    C:/Ruby192/lib/ruby/gems/1.9.1/gems/activesupport-2.3.8/lib/active_support/core_ext/kernel/requires.rb:7:in `block in require_library_or_gem'
    C:/Ruby192/lib/ruby/gems/1.9.1/gems/activesupport-2.3.8/lib/active_support/core_ext/kernel/reporting.rb:11:in `silence_warnings'
    C:/Ruby192/lib/ruby/gems/1.9.1/gems/activesupport-2.3.8/lib/active_support/core_ext/kernel/requires.rb:5:in `require_library_or_gem'
    C:/Ruby192/lib/ruby/gems/1.9.1/gems/activerecord-2.3.8/lib/active_record/connection_adapters/mysql_adapter.rb:61:in `mysql_connection'
    C:/Ruby192/lib/ruby/gems/1.9.1/gems/activerecord-2.3.8/lib/active_record/connection_adapters/abstract/connection_pool.rb:223:in `new_connection'
    C:/Ruby192/lib/ruby/gems/1.9.1/gems/activerecord-2.3.8/lib/active_record/connection_adapters/abstract/connection_pool.rb:245:in `checkout_new_connection'
    C:/Ruby192/lib/ruby/gems/1.9.1/gems/activerecord-2.3.8/lib/active_record/connection_adapters/abstract/connection_pool.rb:188:in `block (2 levels) in checkout'
    C:/Ruby192/lib/ruby/gems/1.9.1/gems/activerecord-2.3.8/lib/active_record/connection_adapters/abstract/connection_pool.rb:184:in `loop'
    C:/Ruby192/lib/ruby/gems/1.9.1/gems/activerecord-2.3.8/lib/active_record/connection_adapters/abstract/connection_pool.rb:184:in `block in checkout'
    C:/Ruby192/lib/ruby/1.9.1/monitor.rb:201:in `mon_synchronize'
    C:/Ruby192/lib/ruby/gems/1.9.1/gems/activerecord-2.3.8/lib/active_record/connection_adapters/abstract/connection_pool.rb:183:in `checkout'
    C:/Ruby192/lib/ruby/gems/1.9.1/gems/activerecord-2.3.8/lib/active_record/connection_adapters/abstract/connection_pool.rb:98:in `connection'
    C:/Ruby192/lib/ruby/gems/1.9.1/gems/activerecord-2.3.8/lib/active_record/connection_adapters/abstract/connection_pool.rb:326:in `retrieve_connection'
    C:/Ruby192/lib/ruby/gems/1.9.1/gems/activerecord-2.3.8/lib/active_record/connection_adapters/abstract/connection_specification.rb:123:in `retrieve_connection'
    C:/Ruby192/lib/ruby/gems/1.9.1/gems/activerecord-2.3.8/lib/active_record/connection_adapters/abstract/connection_specification.rb:115:in `connection'
    C:/Ruby192/lib/ruby/gems/1.9.1/gems/activerecord-2.3.8/lib/active_record/query_cache.rb:9:in `cache'
    C:/Ruby192/lib/ruby/gems/1.9.1/gems/activerecord-2.3.8/lib/active_record/query_cache.rb:28:in `call'
    C:/Ruby192/lib/ruby/gems/1.9.1/gems/activerecord-2.3.8/lib/active_record/connection_adapters/abstract/connection_pool.rb:361:in `call'
    C:/Ruby192/lib/ruby/gems/1.9.1/gems/actionpack-2.3.8/lib/action_controller/string_coercion.rb:25:in `call'
    C:/Ruby192/lib/ruby/gems/1.9.1/gems/rack-1.1.2/lib/rack/head.rb:9:in `call'
    C:/Ruby192/lib/ruby/gems/1.9.1/gems/rack-1.1.2/lib/rack/methodoverride.rb:24:in `call'
    C:/Ruby192/lib/ruby/gems/1.9.1/gems/actionpack-2.3.8/lib/action_controller/params_parser.rb:15:in `call'
    C:/Ruby192/lib/ruby/gems/1.9.1/gems/actionpack-2.3.8/lib/action_controller/session/cookie_store.rb:99:in `call'
    C:/Ruby192/lib/ruby/gems/1.9.1/gems/actionpack-2.3.8/lib/action_controller/failsafe.rb:26:in `call'
    C:/Ruby192/lib/ruby/gems/1.9.1/gems/rack-1.1.2/lib/rack/lock.rb:11:in `block in call'
    <internal:prelude>:10:in `synchronize'
    C:/Ruby192/lib/ruby/gems/1.9.1/gems/rack-1.1.2/lib/rack/lock.rb:11:in `call'
    C:/Ruby192/lib/ruby/gems/1.9.1/gems/actionpack-2.3.8/lib/action_controller/dispatcher.rb:114:in `block in call'
    C:/Ruby192/lib/ruby/gems/1.9.1/gems/actionpack-2.3.8/lib/action_controller/reloader.rb:34:in `run'
    C:/Ruby192/lib/ruby/gems/1.9.1/gems/actionpack-2.3.8/lib/action_controller/dispatcher.rb:108:in `call'
    C:/Ruby192/lib/ruby/gems/1.9.1/gems/rails-2.3.8/lib/rails/rack/static.rb:31:in `call'
    C:/Ruby192/lib/ruby/gems/1.9.1/gems/rack-1.1.2/lib/rack/urlmap.rb:47:in `block in call'
    C:/Ruby192/lib/ruby/gems/1.9.1/gems/rack-1.1.2/lib/rack/urlmap.rb:41:in `each'
    C:/Ruby192/lib/ruby/gems/1.9.1/gems/rack-1.1.2/lib/rack/urlmap.rb:41:in `call'
    C:/Ruby192/lib/ruby/gems/1.9.1/gems/rails-2.3.8/lib/rails/rack/log_tailer.rb:17:in `call'
    C:/Ruby192/lib/ruby/gems/1.9.1/gems/rack-1.1.2/lib/rack/content_length.rb:13:in `call'
    C:/Ruby192/lib/ruby/gems/1.9.1/gems/rack-1.1.2/lib/rack/handler/webrick.rb:48:in `service'
    C:/Ruby192/lib/ruby/1.9.1/webrick/httpserver.rb:111:in `service'
    C:/Ruby192/lib/ruby/1.9.1/webrick/httpserver.rb:70:in `run'
    C:/Ruby192/lib/ruby/1.9.1/webrick/server.rb:183:in `block in start_thread'
